<?xml version="1.0" encoding="UTF-8"?>
<!-- Generated by org.testng.reporters.JUnitXMLReporter -->
<testsuite hostname="IN-BLR-L0117" ignored="0" name="Test" tests="4" failures="0" timestamp="2021-09-11T20:40:30 IST" time="0.043" errors="0">
  <testcase name="BrowserAutomation" time="0.004" classname="qaclickacademy.SeleniumTest"/>
  <testcase name="elementsUi" time="0.0" classname="qaclickacademy.SeleniumTest"/>
  <testcase name="deleteTwitter" time="0.0" classname="qaclickacademy.RestAPITest"/>
  <testcase name="postjira" time="0.0" classname="qaclickacademy.RestAPITest"/>
</testsuite> <!-- Test -->
