<?xml version="1.0" encoding="UTF-8"?>
<testng-results skipped="0" failed="0" ignored="0" total="4" passed="4">
  <reporter-output>
  </reporter-output>
  <suite name="Suite" duration-ms="43" started-at="2021-09-11T20:40:29 IST" finished-at="2021-09-11T20:40:29 IST">
    <groups>
    </groups>
    <test name="Test" duration-ms="43" started-at="2021-09-11T20:40:29 IST" finished-at="2021-09-11T20:40:29 IST">
      <class name="qaclickacademy.RestAPITest">
        <test-method status="PASS" signature="deleteTwitter()[pri:0, instance:qaclickacademy.RestAPITest@167fdd33]" name="deleteTwitter" duration-ms="0" started-at="2021-09-11T20:40:29 IST" finished-at="2021-09-11T20:40:29 IST">
          <reporter-output>
          </reporter-output>
        </test-method> <!-- deleteTwitter -->
        <test-method status="PASS" signature="postjira()[pri:0, instance:qaclickacademy.RestAPITest@167fdd33]" name="postjira" duration-ms="0" started-at="2021-09-11T20:40:29 IST" finished-at="2021-09-11T20:40:29 IST">
          <reporter-output>
          </reporter-output>
        </test-method> <!-- postjira -->
      </class> <!-- qaclickacademy.RestAPITest -->
      <class name="qaclickacademy.SeleniumTest">
        <test-method status="PASS" signature="BrowserAutomation()[pri:0, instance:qaclickacademy.SeleniumTest@4e7dc304]" name="BrowserAutomation" duration-ms="4" started-at="2021-09-11T20:40:29 IST" finished-at="2021-09-11T20:40:29 IST">
          <reporter-output>
          </reporter-output>
        </test-method> <!-- BrowserAutomation -->
        <test-method status="PASS" signature="elementsUi()[pri:0, instance:qaclickacademy.SeleniumTest@4e7dc304]" name="elementsUi" duration-ms="0" started-at="2021-09-11T20:40:29 IST" finished-at="2021-09-11T20:40:29 IST">
          <reporter-output>
          </reporter-output>
        </test-method> <!-- elementsUi -->
      </class> <!-- qaclickacademy.SeleniumTest -->
    </test> <!-- Test -->
  </suite> <!-- Suite -->
</testng-results>
